
0a42c4e1-802e-4aed-9c8c-b67c26840363
-------------+-------------------
000000000001 | ap-south-1a
000000000002 | ap-south-1a
000000000003 | ap-south-1a
000000000004 | ap-south-1a
000000000005 | ap-south-1a
000000000006 | ap-south-1a
000000000007 | ap-south-1a
000000000008 | ap-south-1a
000000000009 | ap-south-1a
000000000010 | ap-south-1a
000000000011 | ap-south-1a
000000000012 | ap-south-1a
000000000013 | ap-south-1a
000000000014 | ap-south-1a
000000000015 | ap-south-1a
000000000016 | ap-south-1a
000000000017 | ap-south-1a
000000000018 | ap-south-1a
000000000019 | ap-south-1a
000000000020 | ap-south-1a
000000000021 | ap-south-1a
000000000022 | ap-south-1a
000000000023 | ap-south-1a
000000000024 | ap-south-1a
000000000025 | ap-south-1a
000000000026 | ap-south-1a
000000000027 | ap-south-1a
000000000028 | ap-south-1a
000000000029 | ap-south-1a
000000000030 | ap-south-1a
000000000031 | ap-south-1a
000000000032 | ap-south-1a
000000000033 | ap-south-1a
000000000034 | ap-south-1a
000000000035 | ap-south-1a
-------------+-------------------

01b3b16f-c4e0-49de-8eb5-b32a06ce0114
-------------+-------------------
000000000001 | ap-south-1b
000000000002 | ap-south-1b
000000000003 | ap-south-1b
000000000004 | ap-south-1b
000000000005 | ap-south-1b
000000000006 | ap-south-1b
000000000007 | ap-south-1b
000000000008 | ap-south-1b
000000000009 | ap-south-1b
000000000010 | ap-south-1b
000000000011 | ap-south-1b
000000000012 | ap-south-1b
000000000013 | ap-south-1b
000000000014 | ap-south-1b
000000000015 | ap-south-1b
000000000016 | ap-south-1b
000000000017 | ap-south-1b
000000000018 | ap-south-1b
000000000019 | ap-south-1b
000000000020 | ap-south-1b
000000000021 | ap-south-1b
000000000022 | ap-south-1b
000000000023 | ap-south-1b
000000000024 | ap-south-1b
000000000025 | ap-south-1b
000000000026 | ap-south-1b
000000000027 | ap-south-1b
000000000028 | ap-south-1b
000000000029 | ap-south-1b
000000000030 | ap-south-1b
000000000031 | ap-south-1b
000000000032 | ap-south-1b
000000000033 | ap-south-1b
000000000034 | ap-south-1b
000000000035 | ap-south-1b
-------------+-------------------

3359c9e2-a126-4789-a30a-b9531e9163a1
-------------+-------------------
000000000001 | eu-west-2a
000000000002 | eu-west-2a
000000000003 | eu-west-2a
000000000004 | eu-west-2a
000000000005 | eu-west-2a
000000000006 | eu-west-2a
000000000007 | eu-west-2a
000000000008 | eu-west-2a
000000000009 | eu-west-2a
000000000010 | eu-west-2a
000000000011 | eu-west-2a
000000000012 | eu-west-2a
000000000013 | eu-west-2a
000000000014 | eu-west-2a
000000000015 | eu-west-2a
000000000016 | eu-west-2a
000000000017 | eu-west-2a
000000000018 | eu-west-2a
000000000019 | eu-west-2a
000000000020 | eu-west-2a
000000000021 | eu-west-2a
000000000022 | eu-west-2a
000000000023 | eu-west-2a
000000000024 | eu-west-2a
000000000025 | eu-west-2a
000000000026 | eu-west-2a
000000000027 | eu-west-2a
000000000028 | eu-west-2a
000000000029 | eu-west-2a
000000000030 | eu-west-2a
000000000031 | eu-west-2a
000000000032 | eu-west-2a
000000000033 | eu-west-2a
000000000034 | eu-west-2a
000000000035 | eu-west-2a
-------------+-------------------

24fdec17-7dab-4791-b38e-b0a4d81ddab6
-------------+-------------------
000000000001 | eu-west-2b
000000000002 | eu-west-2b
000000000003 | eu-west-2b
000000000004 | eu-west-2b
000000000005 | eu-west-2b
000000000006 | eu-west-2b
000000000007 | eu-west-2b
000000000008 | eu-west-2b
000000000009 | eu-west-2b
000000000010 | eu-west-2b
000000000011 | eu-west-2b
000000000012 | eu-west-2b
000000000013 | eu-west-2b
000000000014 | eu-west-2b
000000000015 | eu-west-2b
000000000016 | eu-west-2b
000000000017 | eu-west-2b
000000000018 | eu-west-2b
000000000019 | eu-west-2b
000000000020 | eu-west-2b
000000000021 | eu-west-2b
000000000022 | eu-west-2b
000000000023 | eu-west-2b
000000000024 | eu-west-2b
000000000025 | eu-west-2b
000000000026 | eu-west-2b
000000000027 | eu-west-2b
000000000028 | eu-west-2b
000000000029 | eu-west-2b
000000000030 | eu-west-2b
000000000031 | eu-west-2b
000000000032 | eu-west-2b
000000000033 | eu-west-2b
000000000034 | eu-west-2b
000000000035 | eu-west-2b
-------------+-------------------

05a89266-d1c2-4af8-9836-bcf643bfe5d3
-------------+-------------------
000000000001 | eu-west-1a
000000000002 | eu-west-1b
000000000003 | eu-west-1a
000000000004 | eu-west-1b
000000000005 | eu-west-1a
000000000006 | eu-west-1b
000000000007 | eu-west-1b
000000000008 | eu-west-1b
000000000009 | eu-west-1b
000000000010 | eu-west-1a
000000000011 | eu-west-1a
000000000012 | eu-west-1a
000000000013 | eu-west-1a
000000000014 | eu-west-1b
000000000015 | eu-west-1c
000000000016 | eu-west-1b
000000000017 | eu-west-1b
000000000018 | eu-west-1a
000000000019 | eu-west-1b
000000000020 | eu-west-1a
000000000021 | eu-west-1c
000000000022 | eu-west-1c
000000000023 | eu-west-1a
000000000024 | eu-west-1a
000000000025 | eu-west-1c
000000000026 | eu-west-1b
000000000027 | eu-west-1b
000000000028 | eu-west-1c
000000000029 | eu-west-1a
000000000030 | eu-west-1b
000000000031 | eu-west-1b
000000000032 | eu-west-1b
000000000033 | eu-west-1b
000000000034 | eu-west-1b
000000000035 | eu-west-1a
-------------+-------------------

228cfa82-d646-43ef-b22f-1529f4363bfb
-------------+-------------------
000000000001 | eu-west-1b
000000000002 | eu-west-1c
000000000003 | eu-west-1b
000000000004 | eu-west-1c
000000000005 | eu-west-1b
000000000006 | eu-west-1c
000000000007 | eu-west-1c
000000000008 | eu-west-1c
000000000009 | eu-west-1c
000000000010 | eu-west-1b
000000000011 | eu-west-1b
000000000012 | eu-west-1b
000000000013 | eu-west-1b
000000000014 | eu-west-1c
000000000015 | eu-west-1a
000000000016 | eu-west-1c
000000000017 | eu-west-1c
000000000018 | eu-west-1b
000000000019 | eu-west-1c
000000000020 | eu-west-1b
000000000021 | eu-west-1a
000000000022 | eu-west-1a
000000000023 | eu-west-1b
000000000024 | eu-west-1b
000000000025 | eu-west-1a
000000000026 | eu-west-1c
000000000027 | eu-west-1c
000000000028 | eu-west-1a
000000000029 | eu-west-1b
000000000030 | eu-west-1c
000000000031 | eu-west-1c
000000000032 | eu-west-1c
000000000033 | eu-west-1c
000000000034 | eu-west-1c
000000000035 | eu-west-1b
-------------+-------------------

2f525580-e5b3-4b23-97ca-0cbbec59dbba
-------------+-------------------
000000000001 | eu-west-1c
000000000002 | eu-west-1a
000000000003 | eu-west-1c
000000000004 | eu-west-1a
000000000005 | eu-west-1c
000000000006 | eu-west-1a
000000000007 | eu-west-1a
000000000008 | eu-west-1a
000000000009 | eu-west-1a
000000000010 | eu-west-1c
000000000011 | eu-west-1c
000000000012 | eu-west-1c
000000000013 | eu-west-1c
000000000014 | eu-west-1a
000000000015 | eu-west-1b
000000000016 | eu-west-1a
000000000017 | eu-west-1a
000000000018 | eu-west-1c
000000000019 | eu-west-1a
000000000020 | eu-west-1c
000000000021 | eu-west-1b
000000000022 | eu-west-1b
000000000023 | eu-west-1c
000000000024 | eu-west-1c
000000000025 | eu-west-1b
000000000026 | eu-west-1a
000000000027 | eu-west-1a
000000000028 | eu-west-1b
000000000029 | eu-west-1c
000000000030 | eu-west-1a
000000000031 | eu-west-1a
000000000032 | eu-west-1a
000000000033 | eu-west-1a
000000000034 | eu-west-1a
000000000035 | eu-west-1c
-------------+-------------------

0c0cbd39-4d13-495b-bb7e-cc934489bab5
-------------+-------------------
000000000001 | ap-northeast-2a
000000000002 | ap-northeast-2a
000000000003 | ap-northeast-2a
000000000004 | ap-northeast-2a
000000000005 | ap-northeast-2a
000000000006 | ap-northeast-2a
000000000007 | ap-northeast-2a
000000000008 | ap-northeast-2a
000000000009 | ap-northeast-2a
000000000010 | ap-northeast-2a
000000000011 | ap-northeast-2a
000000000012 | ap-northeast-2a
000000000013 | ap-northeast-2a
000000000014 | ap-northeast-2a
000000000015 | ap-northeast-2a
000000000016 | ap-northeast-2a
000000000017 | ap-northeast-2a
000000000018 | ap-northeast-2a
000000000019 | ap-northeast-2a
000000000020 | ap-northeast-2a
000000000021 | ap-northeast-2a
000000000022 | ap-northeast-2a
000000000023 | ap-northeast-2a
000000000024 | ap-northeast-2a
000000000025 | ap-northeast-2a
000000000026 | ap-northeast-2a
000000000027 | ap-northeast-2a
000000000028 | ap-northeast-2a
000000000029 | ap-northeast-2a
000000000030 | ap-northeast-2a
000000000031 | ap-northeast-2a
000000000032 | ap-northeast-2a
000000000033 | ap-northeast-2a
000000000034 | ap-northeast-2a
000000000035 | ap-northeast-2a
-------------+-------------------

2523087d-b0a6-4f58-af8d-32b54a12d029
-------------+-------------------
000000000001 | ap-northeast-2c
000000000002 | ap-northeast-2c
000000000003 | ap-northeast-2c
000000000004 | ap-northeast-2c
000000000005 | ap-northeast-2c
000000000006 | ap-northeast-2c
000000000007 | ap-northeast-2c
000000000008 | ap-northeast-2c
000000000009 | ap-northeast-2c
000000000010 | ap-northeast-2c
000000000011 | ap-northeast-2c
000000000012 | ap-northeast-2c
000000000013 | ap-northeast-2c
000000000014 | ap-northeast-2c
000000000015 | ap-northeast-2c
000000000016 | ap-northeast-2c
000000000017 | ap-northeast-2c
000000000018 | ap-northeast-2c
000000000019 | ap-northeast-2c
000000000020 | ap-northeast-2c
000000000021 | ap-northeast-2c
000000000022 | ap-northeast-2c
000000000023 | ap-northeast-2c
000000000024 | ap-northeast-2c
000000000025 | ap-northeast-2c
000000000026 | ap-northeast-2c
000000000027 | ap-northeast-2c
000000000028 | ap-northeast-2c
000000000029 | ap-northeast-2c
000000000030 | ap-northeast-2c
000000000031 | ap-northeast-2c
000000000032 | ap-northeast-2c
000000000033 | ap-northeast-2c
000000000034 | ap-northeast-2c
000000000035 | ap-northeast-2c
-------------+-------------------

c4ef9965-c01d-443f-a7ce-5258f3be83bd
-------------+-------------------
000000000001 | ap-northeast-1a
000000000002 | ap-northeast-1a
000000000003 | ap-northeast-1a
000000000004 | ap-northeast-1a
000000000005 | ap-northeast-1a
000000000006 | ap-northeast-1a
000000000007 | ap-northeast-1a
000000000008 | ap-northeast-1a
000000000009 | ap-northeast-1a
000000000010 | ap-northeast-1a
000000000011 | ap-northeast-1a
000000000012 | ap-northeast-1a
000000000013 | ap-northeast-1a
000000000014 | ap-northeast-1a
000000000015 | ap-northeast-1a
000000000016 | ap-northeast-1a
000000000017 | ap-northeast-1a
000000000018 | ap-northeast-1a
000000000019 | ap-northeast-1a
000000000020 | ap-northeast-1a
000000000021 | ap-northeast-1a
000000000022 | ap-northeast-1a
000000000023 | ap-northeast-1a
000000000024 | ap-northeast-1a
000000000025 | ap-northeast-1a
000000000026 | ap-northeast-1a
000000000027 | ap-northeast-1a
000000000028 | ap-northeast-1a
000000000029 | ap-northeast-1a
000000000030 | ap-northeast-1a
000000000031 | ap-northeast-1a
000000000032 | ap-northeast-1a
000000000033 | ap-northeast-1a
000000000034 | ap-northeast-1a
000000000035 | ap-northeast-1a
-------------+-------------------

0d254e8d-8011-44c3-969b-83368cd47ecc
-------------+-------------------
000000000001 | ap-northeast-1c
000000000002 | ap-northeast-1c
000000000003 | ap-northeast-1c
000000000004 | ap-northeast-1c
000000000005 | ap-northeast-1c
000000000006 | ap-northeast-1c
000000000007 | ap-northeast-1c
000000000008 | ap-northeast-1c
000000000009 | ap-northeast-1c
000000000010 | ap-northeast-1c
000000000011 | ap-northeast-1c
000000000012 | ap-northeast-1c
000000000013 | ap-northeast-1c
000000000014 | ap-northeast-1c
000000000015 | ap-northeast-1c
000000000016 | ap-northeast-1c
000000000017 | ap-northeast-1c
000000000018 | ap-northeast-1c
000000000019 | ap-northeast-1c
000000000020 | ap-northeast-1c
000000000021 | ap-northeast-1c
000000000022 | ap-northeast-1c
000000000023 | ap-northeast-1c
000000000024 | ap-northeast-1c
000000000025 | ap-northeast-1c
000000000026 | ap-northeast-1c
000000000027 | ap-northeast-1c
000000000028 | ap-northeast-1c
000000000029 | ap-northeast-1c
000000000030 | ap-northeast-1c
000000000031 | ap-northeast-1c
000000000032 | ap-northeast-1c
000000000033 | ap-northeast-1c
000000000034 | ap-northeast-1c
000000000035 | ap-northeast-1c
-------------+-------------------

32537344-fc49-4d53-97c4-9ff754d5a6e5
-------------+-------------------
000000000001 | sa-east-1a
000000000002 | sa-east-1a
000000000003 | sa-east-1a
000000000004 | sa-east-1a
000000000005 | sa-east-1a
000000000006 | sa-east-1a
000000000007 | sa-east-1a
000000000008 | sa-east-1a
000000000009 | sa-east-1a
000000000010 | sa-east-1a
000000000011 | sa-east-1a
000000000012 | sa-east-1a
000000000013 | sa-east-1a
000000000014 | sa-east-1a
000000000015 | sa-east-1a
000000000016 | sa-east-1a
000000000017 | sa-east-1a
000000000018 | sa-east-1a
000000000019 | sa-east-1a
000000000020 | sa-east-1a
000000000021 | sa-east-1a
000000000022 | sa-east-1a
000000000023 | sa-east-1a
000000000024 | sa-east-1a
000000000025 | sa-east-1a
000000000026 | sa-east-1a
000000000027 | sa-east-1a
000000000028 | sa-east-1a
000000000029 | sa-east-1a
000000000030 | sa-east-1a
000000000031 | sa-east-1a
000000000032 | sa-east-1a
000000000033 | sa-east-1a
000000000034 | sa-east-1a
000000000035 | sa-east-1a
-------------+-------------------

29d8d947-5080-4e70-ad3e-ca8f86e779b1
-------------+-------------------
000000000001 | sa-east-1c
000000000002 | sa-east-1c
000000000003 | sa-east-1c
000000000004 | sa-east-1c
000000000005 | sa-east-1c
000000000006 | sa-east-1c
000000000007 | sa-east-1c
000000000008 | sa-east-1c
000000000009 | sa-east-1c
000000000010 | sa-east-1c
000000000011 | sa-east-1c
000000000012 | sa-east-1c
000000000013 | sa-east-1c
000000000014 | sa-east-1c
000000000015 | sa-east-1c
000000000016 | sa-east-1c
000000000017 | sa-east-1c
000000000018 | sa-east-1c
000000000019 | sa-east-1c
000000000020 | sa-east-1c
000000000021 | sa-east-1c
000000000022 | sa-east-1c
000000000023 | sa-east-1c
000000000024 | sa-east-1c
000000000025 | sa-east-1c
000000000026 | sa-east-1c
000000000027 | sa-east-1c
000000000028 | sa-east-1c
000000000029 | sa-east-1c
000000000030 | sa-east-1c
000000000031 | sa-east-1c
000000000032 | sa-east-1c
000000000033 | sa-east-1c
000000000034 | sa-east-1c
000000000035 | sa-east-1c
-------------+-------------------

2c7f077a-750d-497b-bf12-a17ffaec436c
-------------+-------------------
000000000001 | ca-central-1a
000000000002 | ca-central-1a
000000000003 | ca-central-1a
000000000004 | ca-central-1a
000000000005 | ca-central-1a
000000000006 | ca-central-1a
000000000007 | ca-central-1a
000000000008 | ca-central-1a
000000000009 | ca-central-1a
000000000010 | ca-central-1a
000000000011 | ca-central-1a
000000000012 | ca-central-1a
000000000013 | ca-central-1a
000000000014 | ca-central-1a
000000000015 | ca-central-1a
000000000016 | ca-central-1a
000000000017 | ca-central-1a
000000000018 | ca-central-1a
000000000019 | ca-central-1a
000000000020 | ca-central-1a
000000000021 | ca-central-1a
000000000022 | ca-central-1a
000000000023 | ca-central-1a
000000000024 | ca-central-1a
000000000025 | ca-central-1a
000000000026 | ca-central-1a
000000000027 | ca-central-1a
000000000028 | ca-central-1a
000000000029 | ca-central-1a
000000000030 | ca-central-1a
000000000031 | ca-central-1a
000000000032 | ca-central-1a
000000000033 | ca-central-1a
000000000034 | ca-central-1a
000000000035 | ca-central-1a
-------------+-------------------

55b91517-b78e-4aef-b5cf-9e5d612df4bc
-------------+-------------------
000000000001 | ca-central-1b
000000000002 | ca-central-1b
000000000003 | ca-central-1b
000000000004 | ca-central-1b
000000000005 | ca-central-1b
000000000006 | ca-central-1b
000000000007 | ca-central-1b
000000000008 | ca-central-1b
000000000009 | ca-central-1b
000000000010 | ca-central-1b
000000000011 | ca-central-1b
000000000012 | ca-central-1b
000000000013 | ca-central-1b
000000000014 | ca-central-1b
000000000015 | ca-central-1b
000000000016 | ca-central-1b
000000000017 | ca-central-1b
000000000018 | ca-central-1b
000000000019 | ca-central-1b
000000000020 | ca-central-1b
000000000021 | ca-central-1b
000000000022 | ca-central-1b
000000000023 | ca-central-1b
000000000024 | ca-central-1b
000000000025 | ca-central-1b
000000000026 | ca-central-1b
000000000027 | ca-central-1b
000000000028 | ca-central-1b
000000000029 | ca-central-1b
000000000030 | ca-central-1b
000000000031 | ca-central-1b
000000000032 | ca-central-1b
000000000033 | ca-central-1b
000000000034 | ca-central-1b
000000000035 | ca-central-1b
-------------+-------------------

5ce22f69-c060-4d26-ad94-36017580788b
-------------+-------------------
000000000001 | ap-southeast-1a
000000000002 | ap-southeast-1a
000000000003 | ap-southeast-1b
000000000004 | ap-southeast-1b
000000000005 | ap-southeast-1b
000000000006 | ap-southeast-1a
000000000007 | ap-southeast-1a
000000000008 | ap-southeast-1b
000000000009 | ap-southeast-1b
000000000010 | ap-southeast-1b
000000000011 | ap-southeast-1b
000000000012 | ap-southeast-1a
000000000013 | ap-southeast-1b
000000000014 | ap-southeast-1b
000000000015 | ap-southeast-1a
000000000016 | ap-southeast-1a
000000000017 | ap-southeast-1a
000000000018 | ap-southeast-1b
000000000019 | ap-southeast-1b
000000000020 | ap-southeast-1a
000000000021 | ap-southeast-1a
000000000022 | ap-southeast-1a
000000000023 | ap-southeast-1a
000000000024 | ap-southeast-1b
000000000025 | ap-southeast-1b
000000000026 | ap-southeast-1a
000000000027 | ap-southeast-1a
000000000028 | ap-southeast-1b
000000000029 | ap-southeast-1a
000000000030 | ap-southeast-1a
000000000031 | ap-southeast-1b
000000000032 | ap-southeast-1b
000000000033 | ap-southeast-1b
000000000034 | ap-southeast-1a
000000000035 | ap-southeast-1a
-------------+-------------------

94e21b33-3415-47e3-abad-7d4455c1306e
-------------+-------------------
000000000001 | ap-southeast-1b
000000000002 | ap-southeast-1b
000000000003 | ap-southeast-1a
000000000004 | ap-southeast-1a
000000000005 | ap-southeast-1a
000000000006 | ap-southeast-1b
000000000007 | ap-southeast-1b
000000000008 | ap-southeast-1a
000000000009 | ap-southeast-1a
000000000010 | ap-southeast-1a
000000000011 | ap-southeast-1a
000000000012 | ap-southeast-1b
000000000013 | ap-southeast-1a
000000000014 | ap-southeast-1a
000000000015 | ap-southeast-1b
000000000016 | ap-southeast-1b
000000000017 | ap-southeast-1b
000000000018 | ap-southeast-1a
000000000019 | ap-southeast-1a
000000000020 | ap-southeast-1b
000000000021 | ap-southeast-1b
000000000022 | ap-southeast-1b
000000000023 | ap-southeast-1b
000000000024 | ap-southeast-1a
000000000025 | ap-southeast-1a
000000000026 | ap-southeast-1b
000000000027 | ap-southeast-1b
000000000028 | ap-southeast-1a
000000000029 | ap-southeast-1b
000000000030 | ap-southeast-1b
000000000031 | ap-southeast-1a
000000000032 | ap-southeast-1a
000000000033 | ap-southeast-1a
000000000034 | ap-southeast-1b
000000000035 | ap-southeast-1b
-------------+-------------------

05aae661-3154-4a28-97b0-dd87f6a53531
-------------+-------------------
000000000001 | ap-southeast-2a
000000000002 | ap-southeast-2a
000000000003 | ap-southeast-2a
000000000004 | ap-southeast-2b
000000000005 | ap-southeast-2b
000000000006 | ap-southeast-2a
000000000007 | ap-southeast-2b
000000000008 | ap-southeast-2b
000000000009 | ap-southeast-2b
000000000010 | ap-southeast-2b
000000000011 | ap-southeast-2b
000000000012 | ap-southeast-2b
000000000013 | ap-southeast-2a
000000000014 | ap-southeast-2b
000000000015 | ap-southeast-2a
000000000016 | ap-southeast-2b
000000000017 | ap-southeast-2b
000000000018 | ap-southeast-2b
000000000019 | ap-southeast-2b
000000000020 | ap-southeast-2b
000000000021 | ap-southeast-2a
000000000022 | ap-southeast-2a
000000000023 | ap-southeast-2a
000000000024 | ap-southeast-2b
000000000025 | ap-southeast-2a
000000000026 | ap-southeast-2b
000000000027 | ap-southeast-2b
000000000028 | ap-southeast-2a
000000000029 | ap-southeast-2b
000000000030 | ap-southeast-2a
000000000031 | ap-southeast-2b
000000000032 | ap-southeast-2a
000000000033 | ap-southeast-2b
000000000034 | ap-southeast-2a
000000000035 | ap-southeast-2a
-------------+-------------------

9b301a8b-f779-48fa-b2d3-140ed499b7e2
-------------+-------------------
000000000001 | ap-southeast-2b
000000000002 | ap-southeast-2b
000000000003 | ap-southeast-2b
000000000004 | ap-southeast-2a
000000000005 | ap-southeast-2a
000000000006 | ap-southeast-2b
000000000007 | ap-southeast-2a
000000000008 | ap-southeast-2a
000000000009 | ap-southeast-2a
000000000010 | ap-southeast-2a
000000000011 | ap-southeast-2a
000000000012 | ap-southeast-2a
000000000013 | ap-southeast-2b
000000000014 | ap-southeast-2a
000000000015 | ap-southeast-2b
000000000016 | ap-southeast-2a
000000000017 | ap-southeast-2a
000000000018 | ap-southeast-2a
000000000019 | ap-southeast-2a
000000000020 | ap-southeast-2a
000000000021 | ap-southeast-2b
000000000022 | ap-southeast-2b
000000000023 | ap-southeast-2b
000000000024 | ap-southeast-2a
000000000025 | ap-southeast-2b
000000000026 | ap-southeast-2a
000000000027 | ap-southeast-2a
000000000028 | ap-southeast-2b
000000000029 | ap-southeast-2a
000000000030 | ap-southeast-2b
000000000031 | ap-southeast-2a
000000000032 | ap-southeast-2b
000000000033 | ap-southeast-2a
000000000034 | ap-southeast-2b
000000000035 | ap-southeast-2b
-------------+-------------------

25839a11-9f48-47bb-9604-ea9e7f7f0e5b
-------------+-------------------
000000000001 | ap-southeast-2c
000000000002 | ap-southeast-2c
000000000003 | ap-southeast-2c
000000000004 | ap-southeast-2c
000000000005 | ap-southeast-2c
000000000006 | ap-southeast-2c
000000000007 | ap-southeast-2c
000000000008 | ap-southeast-2c
000000000009 | ap-southeast-2c
000000000010 | ap-southeast-2c
000000000011 | ap-southeast-2c
000000000012 | ap-southeast-2c
000000000013 | ap-southeast-2c
000000000014 | ap-southeast-2c
000000000015 | ap-southeast-2c
000000000016 | ap-southeast-2c
000000000017 | ap-southeast-2c
000000000018 | ap-southeast-2c
000000000019 | ap-southeast-2c
000000000020 | ap-southeast-2c
000000000021 | ap-southeast-2c
000000000022 | ap-southeast-2c
000000000023 | ap-southeast-2c
000000000024 | ap-southeast-2c
000000000025 | ap-southeast-2c
000000000026 | ap-southeast-2c
000000000027 | ap-southeast-2c
000000000028 | ap-southeast-2c
000000000029 | ap-southeast-2c
000000000030 | ap-southeast-2c
000000000031 | ap-southeast-2c
000000000032 | ap-southeast-2c
000000000033 | ap-southeast-2c
000000000034 | ap-southeast-2c
000000000035 | ap-southeast-2c
-------------+-------------------

0344a6f6-2a92-44cc-a8ec-44d7c42c15a2
-------------+-------------------
000000000001 | eu-central-1a
000000000002 | eu-central-1a
000000000003 | eu-central-1a
000000000004 | eu-central-1a
000000000005 | eu-central-1a
000000000006 | eu-central-1a
000000000007 | eu-central-1a
000000000008 | eu-central-1a
000000000009 | eu-central-1a
000000000010 | eu-central-1a
000000000011 | eu-central-1a
000000000012 | eu-central-1a
000000000013 | eu-central-1a
000000000014 | eu-central-1a
000000000015 | eu-central-1a
000000000016 | eu-central-1a
000000000017 | eu-central-1a
000000000018 | eu-central-1a
000000000019 | eu-central-1a
000000000020 | eu-central-1a
000000000021 | eu-central-1a
000000000022 | eu-central-1a
000000000023 | eu-central-1a
000000000024 | eu-central-1a
000000000025 | eu-central-1a
000000000026 | eu-central-1a
000000000027 | eu-central-1a
000000000028 | eu-central-1a
000000000029 | eu-central-1a
000000000030 | eu-central-1a
000000000031 | eu-central-1a
000000000032 | eu-central-1a
000000000033 | eu-central-1a
000000000034 | eu-central-1a
000000000035 | eu-central-1a
-------------+-------------------

3bdddc3a-4610-437a-9839-6e14f667a7e8
-------------+-------------------
000000000001 | eu-central-1b
000000000002 | eu-central-1b
000000000003 | eu-central-1b
000000000004 | eu-central-1b
000000000005 | eu-central-1b
000000000006 | eu-central-1b
000000000007 | eu-central-1b
000000000008 | eu-central-1b
000000000009 | eu-central-1b
000000000010 | eu-central-1b
000000000011 | eu-central-1b
000000000012 | eu-central-1b
000000000013 | eu-central-1b
000000000014 | eu-central-1b
000000000015 | eu-central-1b
000000000016 | eu-central-1b
000000000017 | eu-central-1b
000000000018 | eu-central-1b
000000000019 | eu-central-1b
000000000020 | eu-central-1b
000000000021 | eu-central-1b
000000000022 | eu-central-1b
000000000023 | eu-central-1b
000000000024 | eu-central-1b
000000000025 | eu-central-1b
000000000026 | eu-central-1b
000000000027 | eu-central-1b
000000000028 | eu-central-1b
000000000029 | eu-central-1b
000000000030 | eu-central-1b
000000000031 | eu-central-1b
000000000032 | eu-central-1b
000000000033 | eu-central-1b
000000000034 | eu-central-1b
000000000035 | eu-central-1b
-------------+-------------------

3ab02ed6-bf00-4da6-938d-e41d6c3ccd47
-------------+-------------------
000000000001 | eu-central-1c
000000000002 | eu-central-1c
000000000003 | eu-central-1c
000000000004 | eu-central-1c
000000000005 | eu-central-1c
000000000006 | eu-central-1c
000000000007 | eu-central-1c
000000000008 | eu-central-1c
000000000009 | eu-central-1c
000000000010 | eu-central-1c
000000000011 | eu-central-1c
000000000012 | eu-central-1c
000000000013 | eu-central-1c
000000000014 | eu-central-1c
000000000015 | eu-central-1c
000000000016 | eu-central-1c
000000000017 | eu-central-1c
000000000018 | eu-central-1c
000000000019 | eu-central-1c
000000000020 | eu-central-1c
000000000021 | eu-central-1c
000000000022 | eu-central-1c
000000000023 | eu-central-1c
000000000024 | eu-central-1c
000000000025 | eu-central-1c
000000000026 | eu-central-1c
000000000027 | eu-central-1c
000000000028 | eu-central-1c
000000000029 | eu-central-1c
000000000030 | eu-central-1c
000000000031 | eu-central-1c
000000000032 | eu-central-1c
000000000033 | eu-central-1c
000000000034 | eu-central-1c
000000000035 | eu-central-1c
-------------+-------------------

04422a77-6066-4bdc-9df6-23836156ae16
-------------+-------------------
000000000001 | us-east-1a
000000000002 | us-east-1a
000000000003 | us-east-1a
000000000004 | us-east-1c
000000000005 | us-east-1d
000000000006 | us-east-1c
000000000007 | us-east-1a
000000000008 | us-east-1d
000000000009 | us-east-1a
000000000010 | us-east-1d
000000000011 | us-east-1a
000000000012 | us-east-1b
000000000013 | us-east-1b
000000000014 | us-east-1c
000000000015 | us-east-1d
000000000016 | us-east-1c
000000000017 | us-east-1c
000000000018 | us-east-1d
000000000019 | us-east-1d
000000000020 | us-east-1b
000000000021 | us-east-1b
000000000022 | us-east-1a
000000000023 | us-east-1d
000000000024 | us-east-1a
000000000025 | us-east-1c
000000000026 | us-east-1a
000000000027 | us-east-1d
000000000028 | us-east-1b
000000000029 | us-east-1b
000000000030 | us-east-1b
000000000031 | us-east-1b
000000000032 | us-east-1c
000000000033 | us-east-1c
000000000034 | us-east-1a
000000000035 | us-east-1a
-------------+-------------------

78ba6fc1-3edf-4e1b-876e-f95c16bd8af6
-------------+-------------------
000000000001 | us-east-1b
000000000002 | us-east-1b
000000000003 | us-east-1b
000000000004 | us-east-1d
000000000005 | us-east-1a
000000000006 | us-east-1d
000000000007 | us-east-1b
000000000008 | us-east-1a
000000000009 | us-east-1b
000000000010 | us-east-1a
000000000011 | us-east-1b
000000000012 | us-east-1c
000000000013 | us-east-1c
000000000014 | us-east-1d
000000000015 | us-east-1a
000000000016 | us-east-1d
000000000017 | us-east-1d
000000000018 | us-east-1a
000000000019 | us-east-1a
000000000020 | us-east-1c
000000000021 | us-east-1c
000000000022 | us-east-1b
000000000023 | us-east-1a
000000000024 | us-east-1b
000000000025 | us-east-1d
000000000026 | us-east-1b
000000000027 | us-east-1a
000000000028 | us-east-1c
000000000029 | us-east-1c
000000000030 | us-east-1c
000000000031 | us-east-1c
000000000032 | us-east-1d
000000000033 | us-east-1d
000000000034 | us-east-1b
000000000035 | us-east-1b
-------------+-------------------

6f35b7b8-0fca-4c27-a9d8-6f1384d85f18
-------------+-------------------
000000000001 | us-east-1c
000000000002 | us-east-1c
000000000003 | us-east-1c
000000000004 | us-east-1a
000000000005 | us-east-1b
000000000006 | us-east-1a
000000000007 | us-east-1c
000000000008 | us-east-1b
000000000009 | us-east-1c
000000000010 | us-east-1b
000000000011 | us-east-1c
000000000012 | us-east-1d
000000000013 | us-east-1d
000000000014 | us-east-1a
000000000015 | us-east-1b
000000000016 | us-east-1a
000000000017 | us-east-1a
000000000018 | us-east-1b
000000000019 | us-east-1b
000000000020 | us-east-1d
000000000021 | us-east-1d
000000000022 | us-east-1c
000000000023 | us-east-1b
000000000024 | us-east-1c
000000000025 | us-east-1a
000000000026 | us-east-1c
000000000027 | us-east-1b
000000000028 | us-east-1d
000000000029 | us-east-1d
000000000030 | us-east-1d
000000000031 | us-east-1d
000000000032 | us-east-1a
000000000033 | us-east-1a
000000000034 | us-east-1c
000000000035 | us-east-1c
-------------+-------------------

00b45a83-0309-40ef-854b-6100d63f06d2
-------------+-------------------
000000000001 | us-east-1d
000000000002 | us-east-1d
000000000003 | us-east-1d
000000000004 | us-east-1b
000000000005 | us-east-1c
000000000006 | us-east-1b
000000000007 | us-east-1d
000000000008 | us-east-1c
000000000009 | us-east-1d
000000000010 | us-east-1c
000000000011 | us-east-1d
000000000012 | us-east-1a
000000000013 | us-east-1a
000000000014 | us-east-1b
000000000015 | us-east-1c
000000000016 | us-east-1b
000000000017 | us-east-1b
000000000018 | us-east-1c
000000000019 | us-east-1c
000000000020 | us-east-1a
000000000021 | us-east-1a
000000000022 | us-east-1d
000000000023 | us-east-1c
000000000024 | us-east-1d
000000000025 | us-east-1b
000000000026 | us-east-1d
000000000027 | us-east-1c
000000000028 | us-east-1a
000000000029 | us-east-1a
000000000030 | us-east-1a
000000000031 | us-east-1a
000000000032 | us-east-1b
000000000033 | us-east-1b
000000000034 | us-east-1d
000000000035 | us-east-1d
-------------+-------------------

4f5c1b20-e2b7-46e2-93d7-649d7823c4d0
-------------+-------------------
000000000001 | us-east-1e
000000000002 | us-east-1e
000000000003 | us-east-1e
000000000004 | us-east-1e
000000000005 | us-east-1e
000000000006 | us-east-1e
000000000007 | us-east-1e
000000000008 | us-east-1e
000000000009 | us-east-1e
000000000010 | us-east-1e
000000000011 | us-east-1e
000000000012 | us-east-1e
000000000013 | us-east-1e
000000000014 | us-east-1e
000000000015 | us-east-1e
000000000016 | us-east-1e
000000000017 | us-east-1e
000000000018 | us-east-1e
000000000019 | us-east-1e
000000000020 | us-east-1e
000000000021 | us-east-1e
000000000022 | us-east-1e
000000000023 | us-east-1e
000000000024 | us-east-1e
000000000025 | us-east-1e
000000000026 | us-east-1e
000000000027 | us-east-1e
000000000028 | us-east-1e
000000000029 | us-east-1e
000000000030 | us-east-1e
000000000031 | us-east-1e
000000000032 | us-east-1e
000000000033 | us-east-1e
000000000034 | us-east-1e
000000000035 | us-east-1e
-------------+-------------------

4a080189-b964-46cb-ae12-c09fc735f8af
-------------+-------------------
000000000001 | us-east-1f
000000000002 | us-east-1f
000000000003 | us-east-1f
000000000004 | us-east-1f
000000000005 | us-east-1f
000000000006 | us-east-1f
000000000007 | us-east-1f
000000000008 | us-east-1f
000000000009 | us-east-1f
000000000010 | us-east-1f
000000000011 | us-east-1f
000000000012 | us-east-1f
000000000013 | us-east-1f
000000000014 | us-east-1f
000000000015 | us-east-1f
000000000016 | us-east-1f
000000000017 | us-east-1f
000000000018 | us-east-1f
000000000019 | us-east-1f
000000000020 | us-east-1f
000000000021 | us-east-1f
000000000022 | us-east-1f
000000000023 | us-east-1f
000000000024 | us-east-1f
000000000025 | us-east-1f
000000000026 | us-east-1f
000000000027 | us-east-1f
000000000028 | us-east-1f
000000000029 | us-east-1f
000000000030 | us-east-1f
000000000031 | us-east-1f
000000000032 | us-east-1f
000000000033 | us-east-1f
000000000034 | us-east-1f
000000000035 | us-east-1f
-------------+-------------------

068a87fe-5838-42bf-abf5-dcf11509a229
-------------+-------------------
000000000001 | us-east-2a
000000000002 | us-east-2a
000000000003 | us-east-2a
000000000004 | us-east-2a
000000000005 | us-east-2a
000000000006 | us-east-2a
000000000007 | us-east-2a
000000000008 | us-east-2a
000000000009 | us-east-2a
000000000010 | us-east-2a
000000000011 | us-east-2a
000000000012 | us-east-2a
000000000013 | us-east-2a
000000000014 | us-east-2a
000000000015 | us-east-2a
000000000016 | us-east-2a
000000000017 | us-east-2a
000000000018 | us-east-2a
000000000019 | us-east-2a
000000000020 | us-east-2a
000000000021 | us-east-2a
000000000022 | us-east-2a
000000000023 | us-east-2a
000000000024 | us-east-2a
000000000025 | us-east-2a
000000000026 | us-east-2a
000000000027 | us-east-2a
000000000028 | us-east-2a
000000000029 | us-east-2a
000000000030 | us-east-2a
000000000031 | us-east-2a
000000000032 | us-east-2a
000000000033 | us-east-2a
000000000034 | us-east-2a
000000000035 | us-east-2a
-------------+-------------------

59abf6dd-3db9-4857-8295-140ee9ced14c
-------------+-------------------
000000000001 | us-east-2b
000000000002 | us-east-2b
000000000003 | us-east-2b
000000000004 | us-east-2b
000000000005 | us-east-2b
000000000006 | us-east-2b
000000000007 | us-east-2b
000000000008 | us-east-2b
000000000009 | us-east-2b
000000000010 | us-east-2b
000000000011 | us-east-2b
000000000012 | us-east-2b
000000000013 | us-east-2b
000000000014 | us-east-2b
000000000015 | us-east-2b
000000000016 | us-east-2b
000000000017 | us-east-2b
000000000018 | us-east-2b
000000000019 | us-east-2b
000000000020 | us-east-2b
000000000021 | us-east-2b
000000000022 | us-east-2b
000000000023 | us-east-2b
000000000024 | us-east-2b
000000000025 | us-east-2b
000000000026 | us-east-2b
000000000027 | us-east-2b
000000000028 | us-east-2b
000000000029 | us-east-2b
000000000030 | us-east-2b
000000000031 | us-east-2b
000000000032 | us-east-2b
000000000033 | us-east-2b
000000000034 | us-east-2b
000000000035 | us-east-2b
-------------+-------------------

008b4ebb-d43b-4b86-99cf-7673d1be7b3d
-------------+-------------------
000000000001 | us-east-2c
000000000002 | us-east-2c
000000000003 | us-east-2c
000000000004 | us-east-2c
000000000005 | us-east-2c
000000000006 | us-east-2c
000000000007 | us-east-2c
000000000008 | us-east-2c
000000000009 | us-east-2c
000000000010 | us-east-2c
000000000011 | us-east-2c
000000000012 | us-east-2c
000000000013 | us-east-2c
000000000014 | us-east-2c
000000000015 | us-east-2c
000000000016 | us-east-2c
000000000017 | us-east-2c
000000000018 | us-east-2c
000000000019 | us-east-2c
000000000020 | us-east-2c
000000000021 | us-east-2c
000000000022 | us-east-2c
000000000023 | us-east-2c
000000000024 | us-east-2c
000000000025 | us-east-2c
000000000026 | us-east-2c
000000000027 | us-east-2c
000000000028 | us-east-2c
000000000029 | us-east-2c
000000000030 | us-east-2c
000000000031 | us-east-2c
000000000032 | us-east-2c
000000000033 | us-east-2c
000000000034 | us-east-2c
000000000035 | us-east-2c
-------------+-------------------

d73cd500-72d0-4cc0-8ac8-14b0d5d21c0e
-------------+-------------------
000000000001 | us-west-1a
000000000002 | us-west-1c
000000000003 | us-west-1c
000000000004 | us-west-1a
000000000005 | us-west-1c
000000000006 | us-west-1b
000000000007 | us-west-1a
000000000008 | us-west-1b
000000000009 | us-west-1c
000000000010 | us-west-1a
000000000011 | us-west-1b
000000000012 | us-west-1b
000000000013 | us-west-1a
000000000014 | us-west-1a
000000000015 | us-west-1b
000000000016 | us-west-1a
000000000017 | us-west-1c
000000000018 | us-west-1a
000000000019 | us-west-1c
000000000020 | us-west-1b
000000000021 | us-west-1c
000000000022 | us-west-1c
000000000023 | us-west-1a
000000000024 | us-west-1b
000000000025 | us-west-1a
000000000026 | us-west-1c
000000000027 | us-west-1c
000000000028 | us-west-1a
000000000029 | us-west-1b
000000000030 | us-west-1b
000000000031 | us-west-1b
000000000032 | us-west-1c
000000000033 | us-west-1c
000000000034 | us-west-1a
000000000035 | us-west-1a
-------------+-------------------

3b551b47-17a1-4ebb-a93b-3e0379451608
-------------+-------------------
000000000001 | us-west-1b
000000000002 | us-west-1a
000000000003 | us-west-1a
000000000004 | us-west-1b
000000000005 | us-west-1a
000000000006 | us-west-1c
000000000007 | us-west-1b
000000000008 | us-west-1c
000000000009 | us-west-1a
000000000010 | us-west-1b
000000000011 | us-west-1c
000000000012 | us-west-1c
000000000013 | us-west-1b
000000000014 | us-west-1b
000000000015 | us-west-1c
000000000016 | us-west-1b
000000000017 | us-west-1a
000000000018 | us-west-1b
000000000019 | us-west-1a
000000000020 | us-west-1c
000000000021 | us-west-1a
000000000022 | us-west-1a
000000000023 | us-west-1b
000000000024 | us-west-1c
000000000025 | us-west-1b
000000000026 | us-west-1a
000000000027 | us-west-1a
000000000028 | us-west-1b
000000000029 | us-west-1c
000000000030 | us-west-1c
000000000031 | us-west-1c
000000000032 | us-west-1a
000000000033 | us-west-1a
000000000034 | us-west-1b
000000000035 | us-west-1b
-------------+-------------------

aadff947-024b-4f5f-8ce8-a87dc7f441b8
-------------+-------------------
000000000001 | us-west-2a
000000000002 | us-west-2b
000000000003 | us-west-2b
000000000004 | us-west-2a
000000000005 | us-west-2a
000000000006 | us-west-2b
000000000007 | us-west-2b
000000000008 | us-west-2a
000000000009 | us-west-2a
000000000010 | us-west-2a
000000000011 | us-west-2a
000000000012 | us-west-2b
000000000013 | us-west-2a
000000000014 | us-west-2b
000000000015 | us-west-2a
000000000016 | us-west-2b
000000000017 | us-west-2b
000000000018 | us-west-2a
000000000019 | us-west-2b
000000000020 | us-west-2b
000000000021 | us-west-2a
000000000022 | us-west-2b
000000000023 | us-west-2b
000000000024 | us-west-2b
000000000025 | us-west-2a
000000000026 | us-west-2a
000000000027 | us-west-2b
000000000028 | us-west-2b
000000000029 | us-west-2b
000000000030 | us-west-2b
000000000031 | us-west-2a
000000000032 | us-west-2a
000000000033 | us-west-2a
000000000034 | us-west-2b
000000000035 | us-west-2a
-------------+-------------------

066ef37d-dab7-4d1e-8741-009cbeea344a
-------------+-------------------
000000000001 | us-west-2b
000000000002 | us-west-2a
000000000003 | us-west-2a
000000000004 | us-west-2b
000000000005 | us-west-2b
000000000006 | us-west-2a
000000000007 | us-west-2a
000000000008 | us-west-2b
000000000009 | us-west-2b
000000000010 | us-west-2b
000000000011 | us-west-2b
000000000012 | us-west-2a
000000000013 | us-west-2b
000000000014 | us-west-2a
000000000015 | us-west-2b
000000000016 | us-west-2a
000000000017 | us-west-2a
000000000018 | us-west-2b
000000000019 | us-west-2a
000000000020 | us-west-2a
000000000021 | us-west-2b
000000000022 | us-west-2a
000000000023 | us-west-2a
000000000024 | us-west-2a
000000000025 | us-west-2b
000000000026 | us-west-2b
000000000027 | us-west-2a
000000000028 | us-west-2a
000000000029 | us-west-2a
000000000030 | us-west-2a
000000000031 | us-west-2b
000000000032 | us-west-2b
000000000033 | us-west-2b
000000000034 | us-west-2a
000000000035 | us-west-2b
-------------+-------------------

3f8d3d2f-98c3-44a9-8173-fc897c02e2de
-------------+-------------------
000000000001 | us-west-2c
000000000002 | us-west-2c
000000000003 | us-west-2c
000000000004 | us-west-2c
000000000005 | us-west-2c
000000000006 | us-west-2c
000000000007 | us-west-2c
000000000008 | us-west-2c
000000000009 | us-west-2c
000000000010 | us-west-2c
000000000011 | us-west-2c
000000000012 | us-west-2c
000000000013 | us-west-2c
000000000014 | us-west-2c
000000000015 | us-west-2c
000000000016 | us-west-2c
000000000017 | us-west-2c
000000000018 | us-west-2c
000000000019 | us-west-2c
000000000020 | us-west-2c
000000000021 | us-west-2c
000000000022 | us-west-2c
000000000023 | us-west-2c
000000000024 | us-west-2c
000000000025 | us-west-2c
000000000026 | us-west-2c
000000000027 | us-west-2c
000000000028 | us-west-2c
000000000029 | us-west-2c
000000000030 | us-west-2c
000000000031 | us-west-2c
000000000032 | us-west-2c
000000000033 | us-west-2c
000000000034 | us-west-2c
000000000035 | us-west-2c
-------------+-------------------
