
0b69421c-4258-4744-a9fc-d5a0a89d56fe
-------------+-------------------
111111111111 | ap-south-1a
222222222222 | ap-south-1a
333333333333 | ap-south-1a
-------------+-------------------

22246ce7-0539-440f-a123-949a9901fdd1
-------------+-------------------
111111111111 | ap-south-1b
222222222222 | ap-south-1b
333333333333 | ap-south-1b
-------------+-------------------

1fe254cd-5c58-4f00-8bb0-4e4c3674d62f
-------------+-------------------
111111111111 | eu-west-2a
222222222222 | eu-west-2a
333333333333 | eu-west-2a
-------------+-------------------

19d586b9-c761-42f2-a59e-06fc4462363f
-------------+-------------------
111111111111 | eu-west-2b
222222222222 | eu-west-2b
333333333333 | eu-west-2b
-------------+-------------------

2f525580-e5b3-4b23-97ca-0cbbec59dbba
-------------+-------------------
111111111111 | eu-west-1a
222222222222 | eu-west-1c
333333333333 | eu-west-1a
-------------+-------------------

05a89266-d1c2-4af8-9836-bcf643bfe5d3
-------------+-------------------
111111111111 | eu-west-1b
222222222222 | eu-west-1a
333333333333 | eu-west-1b
-------------+-------------------

228cfa82-d646-43ef-b22f-1529f4363bfb
-------------+-------------------
111111111111 | eu-west-1c
222222222222 | eu-west-1b
333333333333 | eu-west-1c
-------------+-------------------

31a048ba-c86e-4cd1-84cb-996ee48b654f
-------------+-------------------
111111111111 | ap-northeast-2a
222222222222 | ap-northeast-2a
333333333333 | ap-northeast-2a
-------------+-------------------

2429a79f-e0bf-4b1c-bd3b-560284f9fc8a
-------------+-------------------
111111111111 | ap-northeast-2c
222222222222 | ap-northeast-2c
333333333333 | ap-northeast-2c
-------------+-------------------

c4ef9965-c01d-443f-a7ce-5258f3be83bd
-------------+-------------------
111111111111 | ap-northeast-1a
222222222222 | ap-northeast-1a
333333333333 | ap-northeast-1a
-------------+-------------------

0d254e8d-8011-44c3-969b-83368cd47ecc
-------------+-------------------
111111111111 | ap-northeast-1c
222222222222 | ap-northeast-1c
333333333333 | ap-northeast-1c
-------------+-------------------

32537344-fc49-4d53-97c4-9ff754d5a6e5
-------------+-------------------
111111111111 | sa-east-1a
222222222222 | sa-east-1a
333333333333 | sa-east-1a
-------------+-------------------

6d2cdb81-faf5-486f-96b8-cc1b4f811d5a
-------------+-------------------
111111111111 | sa-east-1c
222222222222 | sa-east-1c
333333333333 | sa-east-1c
-------------+-------------------

3b864db9-3d5c-4e52-8f71-1db81603a71c
-------------+-------------------
111111111111 | ca-central-1a
222222222222 | ca-central-1a
333333333333 | ca-central-1a
-------------+-------------------

1c4a3db8-1e66-45e6-bb15-19a9ae30d95e
-------------+-------------------
111111111111 | ca-central-1b
222222222222 | ca-central-1b
333333333333 | ca-central-1b
-------------+-------------------

94e21b33-3415-47e3-abad-7d4455c1306e
-------------+-------------------
111111111111 | ap-southeast-1a
222222222222 | ap-southeast-1a
333333333333 | ap-southeast-1a
-------------+-------------------

5ce22f69-c060-4d26-ad94-36017580788b
-------------+-------------------
111111111111 | ap-southeast-1b
222222222222 | ap-southeast-1b
333333333333 | ap-southeast-1b
-------------+-------------------

05aae661-3154-4a28-97b0-dd87f6a53531
-------------+-------------------
111111111111 | ap-southeast-2a
222222222222 | ap-southeast-2b
333333333333 | ap-southeast-2a
-------------+-------------------

9b301a8b-f779-48fa-b2d3-140ed499b7e2
-------------+-------------------
111111111111 | ap-southeast-2b
222222222222 | ap-southeast-2a
333333333333 | ap-southeast-2b
-------------+-------------------

1ab91146-23f5-404b-833e-c46a1fbc2805
-------------+-------------------
111111111111 | ap-southeast-2c
222222222222 | ap-southeast-2c
333333333333 | ap-southeast-2c
-------------+-------------------

230d91fe-4bb5-4a00-b347-ec3754b35c3e
-------------+-------------------
111111111111 | eu-central-1a
222222222222 | eu-central-1a
333333333333 | eu-central-1a
-------------+-------------------

8a998772-c56a-4bd7-9deb-e03f4b34a32c
-------------+-------------------
111111111111 | eu-central-1b
222222222222 | eu-central-1b
333333333333 | eu-central-1b
-------------+-------------------

3ab02ed6-bf00-4da6-938d-e41d6c3ccd47
-------------+-------------------
111111111111 | eu-central-1c
222222222222 | eu-central-1c
333333333333 | eu-central-1c
-------------+-------------------

6f35b7b8-0fca-4c27-a9d8-6f1384d85f18
-------------+-------------------
111111111111 | us-east-1a
222222222222 | us-east-1c
333333333333 | us-east-1a
-------------+-------------------

00b45a83-0309-40ef-854b-6100d63f06d2
-------------+-------------------
111111111111 | us-east-1b
222222222222 | us-east-1d
333333333333 | us-east-1b
-------------+-------------------

04422a77-6066-4bdc-9df6-23836156ae16
-------------+-------------------
111111111111 | us-east-1c
222222222222 | us-east-1a
333333333333 | us-east-1c
-------------+-------------------

78ba6fc1-3edf-4e1b-876e-f95c16bd8af6
-------------+-------------------
111111111111 | us-east-1d
222222222222 | us-east-1b
333333333333 | us-east-1d
-------------+-------------------

4f5c1b20-e2b7-46e2-93d7-649d7823c4d0
-------------+-------------------
111111111111 | us-east-1e
222222222222 | us-east-1e
333333333333 | us-east-1e
-------------+-------------------

43028229-21ba-4850-ac5e-1581fb2b1f07
-------------+-------------------
111111111111 | us-east-1f
222222222222 | us-east-1f
333333333333 | us-east-1f
-------------+-------------------

21074874-84a4-4fe0-9bab-9b0fea6a6a1e
-------------+-------------------
111111111111 | us-east-2a
222222222222 | us-east-2a
333333333333 | us-east-2a
-------------+-------------------

03c86a4d-8586-4996-8878-f8ddab939577
-------------+-------------------
111111111111 | us-east-2b
222222222222 | us-east-2b
333333333333 | us-east-2b
-------------+-------------------

a8c30b8a-1eb1-42cf-ad63-c182c1f08fd9
-------------+-------------------
111111111111 | us-east-2c
222222222222 | us-east-2c
333333333333 | us-east-2c
-------------+-------------------

d73cd500-72d0-4cc0-8ac8-14b0d5d21c0e
-------------+-------------------
111111111111 | us-west-1a
222222222222 | us-west-1a
333333333333 | us-west-1a
-------------+-------------------

3b551b47-17a1-4ebb-a93b-3e0379451608
-------------+-------------------
111111111111 | us-west-1b
222222222222 | us-west-1b
333333333333 | us-west-1b
-------------+-------------------

aadff947-024b-4f5f-8ce8-a87dc7f441b8
-------------+-------------------
111111111111 | us-west-2a
222222222222 | us-west-2b
333333333333 | us-west-2a
-------------+-------------------

066ef37d-dab7-4d1e-8741-009cbeea344a
-------------+-------------------
111111111111 | us-west-2b
222222222222 | us-west-2a
333333333333 | us-west-2b
-------------+-------------------

3f8d3d2f-98c3-44a9-8173-fc897c02e2de
-------------+-------------------
111111111111 | us-west-2c
222222222222 | us-west-2c
333333333333 | us-west-2c
-------------+-------------------
